<?xml version="1.0" encoding="UTF-8" ?>
<testsuite tests="46" failures="0" name="cz.upce.fei.skoda.boop.pujcovnacmdskoda.kolekce.LinkSeznamTest" time="0.109" errors="0" skipped="0">
  <properties>
    <property name="java.runtime.name" value="Java(TM) SE Runtime Environment"/>
    <property name="java.vm.version" value="17.0.2+8-LTS-86"/>
    <property name="sun.boot.library.path" value="D:\Program Files\Java\jdk-17.0.2\bin"/>
    <property name="user.country.format" value="CZ"/>
    <property name="maven.multiModuleProjectDirectory" value="D:\UPCE\B21L\BOOP\PujcovnaCmdSkoda"/>
    <property name="java.vm.vendor" value="Oracle Corporation"/>
    <property name="java.vendor.url" value="https://java.oracle.com/"/>
    <property name="guice.disable.misplaced.annotation.check" value="true"/>
    <property name="path.separator" value=";"/>
    <property name="java.vm.name" value="Java HotSpot(TM) 64-Bit Server VM"/>
    <property name="sun.os.patch.level" value=""/>
    <property name="user.script" value=""/>
    <property name="user.country" value="GB"/>
    <property name="sun.java.launcher" value="SUN_STANDARD"/>
    <property name="java.vm.specification.name" value="Java Virtual Machine Specification"/>
    <property name="user.dir" value="D:\UPCE\B21L\BOOP\PujcovnaCmdSkoda"/>
    <property name="java.vm.compressedOopsMode" value="Zero based"/>
    <property name="java.runtime.version" value="17.0.2+8-LTS-86"/>
    <property name="os.arch" value="amd64"/>
    <property name="java.io.tmpdir" value="C:\Users\skoda\AppData\Local\Temp\"/>
    <property name="line.separator" value="
"/>
    <property name="java.vm.specification.vendor" value="Oracle Corporation"/>
    <property name="user.variant" value=""/>
    <property name="os.name" value="Windows 10"/>
    <property name="maven.ext.class.path" value="D:\Program Files\NetBeans-12.6\netbeans\java\maven-nblib\netbeans-eventspy.jar"/>
    <property name="classworlds.conf" value="D:\Program Files\NetBeans-12.6\netbeans\java\maven\bin\..\bin\m2.conf"/>
    <property name="sun.jnu.encoding" value="Cp1250"/>
    <property name="java.library.path" value="D:\Program Files\Java\jdk-17.0.2\bin;C:\Windows\Sun\Java\bin;C:\Windows\system32;C:\Windows;C:\Program Files\Common Files\Oracle\Java\javapath;C:\Program Files (x86)\NVIDIA Corporation\PhysX\Common;C:\Python39\Scripts\;C:\Python39\;C:\Windows\system32;C:\Windows;C:\Windows\System32\Wbem;C:\Windows\System32\WindowsPowerShell\v1.0\;C:\Windows\System32\OpenSSH\;C:\Program Files\dotnet\;C:\Program Files\Microsoft SQL Server\130\Tools\Binn\;D:\Program Files\nodejs\;C:\ProgramData\chocolatey\bin;;D:\Program Files (x86)\WinSCP\;C:\Program Files (x86)\Intel\Intel(R) Management Engine Components\DAL;C:\Program Files\Intel\Intel(R) Management Engine Components\DAL;D:\Program Files (x86)\Gpg4win\..\GnuPG\bin;C:\Program Files (x86)\dotnet\;C:\Program Files\Microsoft SQL Server\Client SDK\ODBC\170\Tools\Binn\;D:\Program Files\Go\bin;D:\Program Files\TortoiseSVN\bin;C:\Program Files\Docker\Docker\resources\bin;C:\ProgramData\DockerDesktop\version-bin;C:\Program Files\Microsoft\Web Platform Installer\;C:\Program Files\PowerShell\7\;C:\Users\skoda\.cargo\bin;C:\Users\skoda\AppData\Local\Microsoft\WindowsApps;C:\Users\skoda\AppData\Roaming\npm;D:\Program Files\Microsoft VS Code\bin;C:\Users\skoda\AppData\Local\GitHubDesktop\bin;C:\Users\skoda\.dotnet\tools;C:\Users\skoda\go\bin;."/>
    <property name="maven.conf" value="D:\Program Files\NetBeans-12.6\netbeans\java\maven\bin\../conf"/>
    <property name="jdk.debug" value="release"/>
    <property name="java.class.version" value="61.0"/>
    <property name="java.specification.name" value="Java Platform API Specification"/>
    <property name="sun.management.compiler" value="HotSpot 64-Bit Tiered Compilers"/>
    <property name="os.version" value="10.0"/>
    <property name="library.jansi.path" value="D:\Program Files\NetBeans-12.6\netbeans\java\maven\bin\..\lib\jansi-native"/>
    <property name="user.home" value="C:\Users\skoda"/>
    <property name="user.timezone" value="Europe/Prague"/>
    <property name="file.encoding" value="UTF-8"/>
    <property name="java.specification.version" value="17"/>
    <property name="user.name" value="skoda"/>
    <property name="java.class.path" value="D:\Program Files\NetBeans-12.6\netbeans\java\maven\bin\..\boot\plexus-classworlds-2.6.0.jar"/>
    <property name="java.vm.specification.version" value="17"/>
    <property name="sun.arch.data.model" value="64"/>
    <property name="sun.java.command" value="org.codehaus.plexus.classworlds.launcher.Launcher -Dmaven.ext.class.path=D:\Program Files\NetBeans-12.6\netbeans\java\maven-nblib\netbeans-eventspy.jar -Dfile.encoding=UTF-8 clean install"/>
    <property name="java.home" value="D:\Program Files\Java\jdk-17.0.2"/>
    <property name="user.language" value="en"/>
    <property name="java.specification.vendor" value="Oracle Corporation"/>
    <property name="user.language.format" value="cs"/>
    <property name="java.vm.info" value="mixed mode, sharing"/>
    <property name="java.version" value="17.0.2"/>
    <property name="native.encoding" value="Cp1250"/>
    <property name="java.vendor" value="Oracle Corporation"/>
    <property name="maven.home" value="D:\Program Files\NetBeans-12.6\netbeans\java\maven\bin\.."/>
    <property name="file.separator" value="\"/>
    <property name="java.version.date" value="2022-01-18"/>
    <property name="java.vendor.url.bug" value="https://bugreport.java.com/bugreport/"/>
    <property name="sun.io.unicode.encoding" value="UnicodeLittle"/>
    <property name="sun.cpu.endian" value="little"/>
    <property name="sun.cpu.isalist" value="amd64"/>
  </properties>
  <testcase classname="cz.upce.fei.skoda.boop.pujcovnacmdskoda.kolekce.LinkSeznamTest" name="test_04_02_NastavPosledni_KolekceException" time="0.01"/>
  <testcase classname="cz.upce.fei.skoda.boop.pujcovnacmdskoda.kolekce.LinkSeznamTest" name="test_01_02_VlozPrvni_NullPointerException" time="0"/>
  <testcase classname="cz.upce.fei.skoda.boop.pujcovnacmdskoda.kolekce.LinkSeznamTest" name="test_10_01_DejAktualniPosledni" time="0.002"/>
  <testcase classname="cz.upce.fei.skoda.boop.pujcovnacmdskoda.kolekce.LinkSeznamTest" name="test_13_01_OdeberZaAktualnim" time="0"/>
  <testcase classname="cz.upce.fei.skoda.boop.pujcovnacmdskoda.kolekce.LinkSeznamTest" name="test_11_01_DejZaAktualnim" time="0"/>
  <testcase classname="cz.upce.fei.skoda.boop.pujcovnacmdskoda.kolekce.LinkSeznamTest" name="test_13_04_OdeberPredAktualnim" time="0"/>
  <testcase classname="cz.upce.fei.skoda.boop.pujcovnacmdskoda.kolekce.LinkSeznamTest" name="test_07_02_OdeberPosledni_KolekceException" time="0.001"/>
  <testcase classname="cz.upce.fei.skoda.boop.pujcovnacmdskoda.kolekce.LinkSeznamTest" name="test_13_05_OdeberPredAktualnim" time="0"/>
  <testcase classname="cz.upce.fei.skoda.boop.pujcovnacmdskoda.kolekce.LinkSeznamTest" name="test_13_02_OdeberZaAktualnim_KolekceException" time="0"/>
  <testcase classname="cz.upce.fei.skoda.boop.pujcovnacmdskoda.kolekce.LinkSeznamTest" name="test_05_02_DejPrvni_KolekceException" time="0"/>
  <testcase classname="cz.upce.fei.skoda.boop.pujcovnacmdskoda.kolekce.LinkSeznamTest" name="test_Size10" time="0.088"/>
  <testcase classname="cz.upce.fei.skoda.boop.pujcovnacmdskoda.kolekce.LinkSeznamTest" name="test_05_04_DejAktualni_KolekceException" time="0"/>
  <testcase classname="cz.upce.fei.skoda.boop.pujcovnacmdskoda.kolekce.LinkSeznamTest" name="test_13_05_OdeberZaAktualnim" time="0"/>
  <testcase classname="cz.upce.fei.skoda.boop.pujcovnacmdskoda.kolekce.LinkSeznamTest" name="test_13_03_OdeberPredAktualnim_KolekceException" time="0.001"/>
  <testcase classname="cz.upce.fei.skoda.boop.pujcovnacmdskoda.kolekce.LinkSeznamTest" name="test_03_01_NastavPrvni" time="0"/>
  <testcase classname="cz.upce.fei.skoda.boop.pujcovnacmdskoda.kolekce.LinkSeznamTest" name="test_12_02_OdeberAktualni_KolekceException" time="0"/>
  <testcase classname="cz.upce.fei.skoda.boop.pujcovnacmdskoda.kolekce.LinkSeznamTest" name="test_08_04_JeDalsi" time="0"/>
  <testcase classname="cz.upce.fei.skoda.boop.pujcovnacmdskoda.kolekce.LinkSeznamTest" name="test_03_02_NastavPrvni_KolekceException" time="0"/>
  <testcase classname="cz.upce.fei.skoda.boop.pujcovnacmdskoda.kolekce.LinkSeznamTest" name="test_15_01_JePrazdny" time="0"/>
  <testcase classname="cz.upce.fei.skoda.boop.pujcovnacmdskoda.kolekce.LinkSeznamTest" name="test_12_01_OdeberAktualniPrvni" time="0"/>
  <testcase classname="cz.upce.fei.skoda.boop.pujcovnacmdskoda.kolekce.LinkSeznamTest" name="test_02_02_VlozPosledni_NullPointerException" time="0"/>
  <testcase classname="cz.upce.fei.skoda.boop.pujcovnacmdskoda.kolekce.LinkSeznamTest" name="test_14_03_Iterator" time="0.002"/>
  <testcase classname="cz.upce.fei.skoda.boop.pujcovnacmdskoda.kolekce.LinkSeznamTest" name="test_09_03_VlozZaAktualni" time="0"/>
  <testcase classname="cz.upce.fei.skoda.boop.pujcovnacmdskoda.kolekce.LinkSeznamTest" name="test_06_01_OdeberPrvniJedenZJednoho" time="0"/>
  <testcase classname="cz.upce.fei.skoda.boop.pujcovnacmdskoda.kolekce.LinkSeznamTest" name="test_05_01_DejPrvni" time="0.001"/>
  <testcase classname="cz.upce.fei.skoda.boop.pujcovnacmdskoda.kolekce.LinkSeznamTest" name="test_09_05_VlozPredAktualni_KolekceException" time="0"/>
  <testcase classname="cz.upce.fei.skoda.boop.pujcovnacmdskoda.kolekce.LinkSeznamTest" name="test_14_02_Iterator" time="0"/>
  <testcase classname="cz.upce.fei.skoda.boop.pujcovnacmdskoda.kolekce.LinkSeznamTest" name="test_14_01_Iterator" time="0"/>
  <testcase classname="cz.upce.fei.skoda.boop.pujcovnacmdskoda.kolekce.LinkSeznamTest" name="test_09_07_VlozPredAktualni" time="0"/>
  <testcase classname="cz.upce.fei.skoda.boop.pujcovnacmdskoda.kolekce.LinkSeznamTest" name="test_08_03_Dalsi" time="0"/>
  <testcase classname="cz.upce.fei.skoda.boop.pujcovnacmdskoda.kolekce.LinkSeznamTest" name="test_17_01_Zrus" time="0.001"/>
  <testcase classname="cz.upce.fei.skoda.boop.pujcovnacmdskoda.kolekce.LinkSeznamTest" name="test_09_02_VlozZaAktualni_KolekceException" time="0"/>
  <testcase classname="cz.upce.fei.skoda.boop.pujcovnacmdskoda.kolekce.LinkSeznamTest" name="test_02_01_VlozNaKonec" time="0.001"/>
  <testcase classname="cz.upce.fei.skoda.boop.pujcovnacmdskoda.kolekce.LinkSeznamTest" name="test_09_01_VlozZaAktualni_NullPointerException" time="0.001"/>
  <testcase classname="cz.upce.fei.skoda.boop.pujcovnacmdskoda.kolekce.LinkSeznamTest" name="test_07_01_OdeberPosledniJedenZJednoho" time="0.001"/>
  <testcase classname="cz.upce.fei.skoda.boop.pujcovnacmdskoda.kolekce.LinkSeznamTest" name="test_09_04_VlozPredAktualni_NullPointerException" time="0"/>
  <testcase classname="cz.upce.fei.skoda.boop.pujcovnacmdskoda.kolekce.LinkSeznamTest" name="test_01_01_VlozPrvni" time="0"/>
  <testcase classname="cz.upce.fei.skoda.boop.pujcovnacmdskoda.kolekce.LinkSeznamTest" name="test_04_01_NastavPosledni" time="0"/>
  <testcase classname="cz.upce.fei.skoda.boop.pujcovnacmdskoda.kolekce.LinkSeznamTest" name="test_08_02_Dalsi_KolekceException" time="0"/>
  <testcase classname="cz.upce.fei.skoda.boop.pujcovnacmdskoda.kolekce.LinkSeznamTest" name="test_08_01_Dalsi_KolekceException" time="0"/>
  <testcase classname="cz.upce.fei.skoda.boop.pujcovnacmdskoda.kolekce.LinkSeznamTest" name="test_05_06_DejPredAktualnim_KolekceException" time="0"/>
  <testcase classname="cz.upce.fei.skoda.boop.pujcovnacmdskoda.kolekce.LinkSeznamTest" name="test_09_06_VlozPredAktualni" time="0"/>
  <testcase classname="cz.upce.fei.skoda.boop.pujcovnacmdskoda.kolekce.LinkSeznamTest" name="test_12_03_OdeberAktualni_KolekceException" time="0"/>
  <testcase classname="cz.upce.fei.skoda.boop.pujcovnacmdskoda.kolekce.LinkSeznamTest" name="test_06_03_OdeberPrvni_KolekceException" time="0"/>
  <testcase classname="cz.upce.fei.skoda.boop.pujcovnacmdskoda.kolekce.LinkSeznamTest" name="test_05_03_DejPosledni_KolekceException" time="0"/>
  <testcase classname="cz.upce.fei.skoda.boop.pujcovnacmdskoda.kolekce.LinkSeznamTest" name="test_05_05_DejZaAktualnim_KolekceException" time="0"/>
</testsuite>